Add component: Footprint Not Found CAP_EEEFN1V100R
Added Component: Designator=C2(1206)
Add component: Footprint Not Found CAP_EEEFN1V100R
Added Component: Designator=C4(1206)
Added Component: Designator=C5(1206)
Added Component: Designator=C6(1206)
Add component: Footprint Not Found CAP_EEEFN1V100R
Added Component: Designator=C8(1206)
Added Component: Designator=C9(0805)
Added Component: Designator=C10(0805)
Added Component: Designator=C11(0805)
Added Component: Designator=C12(0805)
Added Component: Designator=D1(FP-403AE-MFG)
Add component (AddParameter): Name = "Automotive"; Value = "No"; VariantName = "[No Variations]"
Add component (AddParameter): Name = "Category"; Value = "Diode"; VariantName = "[No Variations]"
Add component (AddParameter): Name = "ComponentLink2Description"; Value = "Datasheet"; VariantName = "[No Variations]"
Add component (AddParameter): Name = "ComponentLink2URL"; Value = "https://www.onsemi.com/pub/Collateral/SS19-D.PDF"; VariantName = "[No Variations]"
Add component (AddParameter): Name = "Device Class L1"; Value = "Discrete Semiconductors"; VariantName = "[No Variations]"
Add component (AddParameter): Name = "Device Class L2"; Value = "Diodes"; VariantName = "[No Variations]"
Add component (AddParameter): Name = "Device Class L3"; Value = "Schottky Diodes"; VariantName = "[No Variations]"
Add component (AddParameter): Name = "Digikey Description"; Value = "DIODE SCHOTTKY 40V 1A SMA"; VariantName = "[No Variations]"
Add component (AddParameter): Name = "Forward Current"; Value = "1A"; VariantName = "[No Variations]"
Add component (AddParameter): Name = "Height"; Value = "2.5mm"; VariantName = "[No Variations]"
Add component (AddParameter): Name = "Lead Free"; Value = "Yes"; VariantName = "[No Variations]"
Add component (AddParameter): Name = "Manufacturer"; Value = "ON Semiconductor"; VariantName = "[No Variations]"
Add component (AddParameter): Name = "Manufacturer Part Number"; Value = "SS14"; VariantName = "[No Variations]"
Add component (AddParameter): Name = "Max Junction Temp"; Value = "+125蚓"; VariantName = "[No Variations]"
Add component (AddParameter): Name = "Max Repetitive Reverse Voltage"; Value = "40V"; VariantName = "[No Variations]"
Add component (AddParameter): Name = "Max Surge Forward Current"; Value = "40A"; VariantName = "[No Variations]"
Add component (AddParameter): Name = "Mouser Description"; Value = "Schottky Diodes & Rectifiers SMA 40V 1.0A"; VariantName = "[No Variations]"
Add component (AddParameter): Name = "Octopart"; Value = "https://octopart.com/ss14-on+semiconductor-29205033"; VariantName = "[No Variations]"
Add component (AddParameter): Name = "Package"; Value = "403AE"; VariantName = "[No Variations]"
Add component (AddParameter): Name = "Peak Reverse Current"; Value = "0.2mA"; VariantName = "[No Variations]"
Add component (AddParameter): Name = "RoHS"; Value = "TRUE"; VariantName = "[No Variations]"
Add component (AddParameter): Name = "Standoff Height"; Value = "0.05mm"; VariantName = "[No Variations]"
Add component (AddParameter): Name = "Temperature"; Value = "-65蚓 to +125蚓"; VariantName = "[No Variations]"
Add component (AddParameter): Name = "Temperature Range High"; Value = "+125蚓"; VariantName = "[No Variations]"
Add component (AddParameter): Name = "Temperature Range Low"; Value = "-65蚓"; VariantName = "[No Variations]"
Added Component: Designator=J1(SIP4)
Added Component: Designator=J2(MOLEX3)
Added Component: Designator=J3(SIP2)
Added Component: Designator=P1(MOLX-22-23-2061_V)
Add component (AddParameter): Name = "Brand"; Value = "Molex"; VariantName = "[No Variations]"
Add component (AddParameter): Name = "Contact Material"; Value = "Brass"; VariantName = "[No Variations]"
Add component (AddParameter): Name = "Contact Plating"; Value = "Tin"; VariantName = "[No Variations]"
Add component (AddParameter): Name = "Current Rating"; Value = "4A"; VariantName = "[No Variations]"
Add component (AddParameter): Name = "Datasheet URL"; Value = "https://datasheet.ciiva.com/19460/232303-19460895.pdf"; VariantName = "[No Variations]"
Add component (AddParameter): Name = "Datasheet Version"; Value = "Rev. P, 09/2001"; VariantName = "[No Variations]"
Add component (AddParameter): Name = "Factory Pack Quantity"; Value = "1000"; VariantName = "[No Variations]"
Add component (AddParameter): Name = "Housing Material"; Value = "Nylon"; VariantName = "[No Variations]"
Add component (AddParameter): Name = "Manufacturer"; Value = "Molex"; VariantName = "[No Variations]"
Add component (AddParameter): Name = "Manufacturer URL"; Value = "http://www.molex.com/"; VariantName = "[No Variations]"
Add component (AddParameter): Name = "Mounting Angle"; Value = "Vertical"; VariantName = "[No Variations]"
Add component (AddParameter): Name = "Mounting Style"; Value = "ThroughHole"; VariantName = "[No Variations]"
Add component (AddParameter): Name = "Mounting Technology"; Value = "ThroughHole"; VariantName = "[No Variations]"
Add component (AddParameter): Name = "Number of Positions"; Value = "6"; VariantName = "[No Variations]"
Add component (AddParameter): Name = "Number of Positions / Contacts"; Value = "6"; VariantName = "[No Variations]"
Add component (AddParameter): Name = "Number of Rows"; Value = "1"; VariantName = "[No Variations]"
Add component (AddParameter): Name = "Package Description"; Value = "Male Header, Pitch 2.54 mm, 1 x 6 Position, Height 10.67 mm, Tail Length 3.56 mm"; VariantName = "[No Variations]"
Add component (AddParameter): Name = "Package Reference"; Value = "22-23-2061"; VariantName = "[No Variations]"
Add component (AddParameter): Name = "Packaging"; Value = "Bulk"; VariantName = "[No Variations]"
Add component (AddParameter): Name = "Pitch"; Value = "2.54mm"; VariantName = "[No Variations]"
Add component (AddParameter): Name = "Product Category"; Value = ".100K.K.Connectors"; VariantName = "[No Variations]"
Add component (AddParameter): Name = "Product Type"; Value = "Headers"; VariantName = "[No Variations]"
Add component (AddParameter): Name = "RoHS"; Value = "Details"; VariantName = "[No Variations]"
Add component (AddParameter): Name = "Series"; Value = "6373"; VariantName = "[No Variations]"
Add component (AddParameter): Name = "Termination Style"; Value = "ThroughHole"; VariantName = "[No Variations]"
Add component (AddParameter): Name = "Tradename"; Value = "KK"; VariantName = "[No Variations]"
Add component (AddParameter): Name = "Type"; Value = "PinStrip"; VariantName = "[No Variations]"
Add component (AddParameter): Name = "Voltage Rating"; Value = "250V"; VariantName = "[No Variations]"
Added Component: Designator=P2(MOLX-22-23-2021_V)
Add component (AddParameter): Name = "ComponentLink1Description"; Value = "Manufacturer URL"; VariantName = "[No Variations]"
Add component (AddParameter): Name = "ComponentLink1URL"; Value = "http://www.molex.com/"; VariantName = "[No Variations]"
Add component (AddParameter): Name = "ComponentLink2Description"; Value = "Datasheet"; VariantName = "[No Variations]"
Add component (AddParameter): Name = "ComponentLink2URL"; Value = "https://datasheet.ciiva.com/19454/232266-19454304.pdf"; VariantName = "[No Variations]"
Add component (AddParameter): Name = "Height"; Value = "10.67 mm"; VariantName = "[No Variations]"
Add component (AddParameter): Name = "Length"; Value = "5.08 mm"; VariantName = "[No Variations]"
Add component (AddParameter): Name = "Max Operating Temperature"; Value = "75 degC"; VariantName = "[No Variations]"
Add component (AddParameter): Name = "Min Operating Temperature"; Value = "0 degC"; VariantName = "[No Variations]"
Add component (AddParameter): Name = "Mount"; Value = "Through Hole"; VariantName = "[No Variations]"
Add component (AddParameter): Name = "Mounting Technology"; Value = "Through Hole"; VariantName = "[No Variations]"
Add component (AddParameter): Name = "Package Quantity"; Value = "3000"; VariantName = "[No Variations]"
Add component (AddParameter): Name = "PackageDescription"; Value = "Male Header, Pitch 2.54 mm, 1 x 2 Position, Height 10.67 mm, Tail Length 3.56 mm"; VariantName = "[No Variations]"
Add component (AddParameter): Name = "Packaging"; Value = "Bulk"; VariantName = "[No Variations]"
Add component (AddParameter): Name = "PartNumber"; Value = "22-23-2021"; VariantName = "[No Variations]"
Add component (AddParameter): Name = "Pins"; Value = "2"; VariantName = "[No Variations]"
Add component (AddParameter): Name = "Radiation Hardening"; Value = "No"; VariantName = "[No Variations]"
Add component (AddParameter): Name = "REACH SVHC"; Value = "Unknown"; VariantName = "[No Variations]"
Add component (AddParameter): Name = "RoHSCompliant"; Value = "True"; VariantName = "[No Variations]"
Add component (AddParameter): Name = "Width"; Value = "6.35 mm"; VariantName = "[No Variations]"
Added Component: Designator=P3(HDR1X7)
Add component (AddParameter): Name = "LatestRevisionDate"; Value = "17-Jul-2002"; VariantName = "[No Variations]"
Add component (AddParameter): Name = "LatestRevisionNote"; Value = "Re-released for DXP Platform."; VariantName = "[No Variations]"
Add component (AddParameter): Name = "Publisher"; Value = "Altium Limited"; VariantName = "[No Variations]"
Added Component: Designator=P4(MOLX-22-23-2021_V)
Add component (AddParameter): Name = "ComponentLink1Description"; Value = "Manufacturer URL"; VariantName = "[No Variations]"
Add component (AddParameter): Name = "ComponentLink1URL"; Value = "http://www.molex.com/"; VariantName = "[No Variations]"
Add component (AddParameter): Name = "ComponentLink2Description"; Value = "Datasheet"; VariantName = "[No Variations]"
Add component (AddParameter): Name = "ComponentLink2URL"; Value = "https://datasheet.ciiva.com/19454/232266-19454304.pdf"; VariantName = "[No Variations]"
Add component (AddParameter): Name = "Height"; Value = "10.67 mm"; VariantName = "[No Variations]"
Add component (AddParameter): Name = "Length"; Value = "5.08 mm"; VariantName = "[No Variations]"
Add component (AddParameter): Name = "Max Operating Temperature"; Value = "75 degC"; VariantName = "[No Variations]"
Add component (AddParameter): Name = "Min Operating Temperature"; Value = "0 degC"; VariantName = "[No Variations]"
Add component (AddParameter): Name = "Mount"; Value = "Through Hole"; VariantName = "[No Variations]"
Add component (AddParameter): Name = "Mounting Technology"; Value = "Through Hole"; VariantName = "[No Variations]"
Add component (AddParameter): Name = "Package Quantity"; Value = "3000"; VariantName = "[No Variations]"
Add component (AddParameter): Name = "PackageDescription"; Value = "Male Header, Pitch 2.54 mm, 1 x 2 Position, Height 10.67 mm, Tail Length 3.56 mm"; VariantName = "[No Variations]"
Add component (AddParameter): Name = "Packaging"; Value = "Bulk"; VariantName = "[No Variations]"
Add component (AddParameter): Name = "PartNumber"; Value = "22-23-2021"; VariantName = "[No Variations]"
Add component (AddParameter): Name = "Pins"; Value = "2"; VariantName = "[No Variations]"
Add component (AddParameter): Name = "Radiation Hardening"; Value = "No"; VariantName = "[No Variations]"
Add component (AddParameter): Name = "REACH SVHC"; Value = "Unknown"; VariantName = "[No Variations]"
Add component (AddParameter): Name = "RoHSCompliant"; Value = "True"; VariantName = "[No Variations]"
Add component (AddParameter): Name = "Width"; Value = "6.35 mm"; VariantName = "[No Variations]"
Added Component: Designator=Q1(AO-SOT-23-3L_V)
Add component (AddParameter): Name = "Channel Mode"; Value = "Enhancement"; VariantName = "[No Variations]"
Add component (AddParameter): Name = "Continuous Drain Current"; Value = "4A"; VariantName = "[No Variations]"
Add component (AddParameter): Name = "Datasheet URL"; Value = "http://www.aosmd.com/res/data_sheets/AO3401A.pdf"; VariantName = "[No Variations]"
Add component (AddParameter): Name = "Datasheet Version"; Value = "Rev. 3, 03/2011"; VariantName = "[No Variations]"
Add component (AddParameter): Name = "Drain Current (Max)"; Value = "4A"; VariantName = "[No Variations]"
Add component (AddParameter): Name = "Drain Efficiency"; Value = "NotRequired%"; VariantName = "[No Variations]"
Add component (AddParameter): Name = "Drain-Source On-Res"; Value = "0.044ohm"; VariantName = "[No Variations]"
Add component (AddParameter): Name = "Drain-Source On-Volt"; Value = "30V"; VariantName = "[No Variations]"
Add component (AddParameter): Name = "Frequency (Max)"; Value = "NotRequiredMHz"; VariantName = "[No Variations]"
Add component (AddParameter): Name = "Gate-Source Voltage (Max)"; Value = "?12V"; VariantName = "[No Variations]"
Add component (AddParameter): Name = "Manufacturer"; Value = "Alpha and Omega"; VariantName = "[No Variations]"
Add component (AddParameter): Name = "Manufacturer URL"; Value = "http://www.aosmd.com/"; VariantName = "[No Variations]"
Add component (AddParameter): Name = "Mounting"; Value = "SurfaceMount"; VariantName = "[No Variations]"
Add component (AddParameter): Name = "Mounting Technology"; Value = "SurfaceMount"; VariantName = "[No Variations]"
Add component (AddParameter): Name = "Noise Figure"; Value = "NotRequireddB"; VariantName = "[No Variations]"
Add component (AddParameter): Name = "Number of  Elements"; Value = "1"; VariantName = "[No Variations]"
Add component (AddParameter): Name = "Operating Temp Range"; Value = "-55Cto150C"; VariantName = "[No Variations]"
Add component (AddParameter): Name = "Operating Temperature Classification"; Value = "Military"; VariantName = "[No Variations]"
Add component (AddParameter): Name = "Output Power (Max)"; Value = "NotRequiredW"; VariantName = "[No Variations]"
Add component (AddParameter): Name = "Package Description"; Value = "3-Pin Small Outline Transistor, Body 2.95 x 1.6 mm, Pitch 0.95 mm"; VariantName = "[No Variations]"
Add component (AddParameter): Name = "Package Reference"; Value = "SOT-23-3L"; VariantName = "[No Variations]"
Add component (AddParameter): Name = "Package Type"; Value = "SOT-23"; VariantName = "[No Variations]"
Add component (AddParameter): Name = "Package URL"; Value = "http://www.aosmd.com/res/packaging_information/SOT-23-3L.pdf"; VariantName = "[No Variations]"
Add component (AddParameter): Name = "Pin Count"; Value = "3"; VariantName = "[No Variations]"
Add component (AddParameter): Name = "Polarity"; Value = "P"; VariantName = "[No Variations]"
Add component (AddParameter): Name = "Power Dissipation"; Value = "1.4W"; VariantName = "[No Variations]"
Add component (AddParameter): Name = "Power Gain"; Value = "NotRequireddB"; VariantName = "[No Variations]"
Add component (AddParameter): Name = "Rad Hardened"; Value = "No"; VariantName = "[No Variations]"
Add component (AddParameter): Name = "Type"; Value = "PowerMOSFET"; VariantName = "[No Variations]"
Added Component: Designator=R1(0805)
Added Component: Designator=R2(0805)
Added Component: Designator=R3(0805)
Added Component: Designator=R4(0805)
Added Component: Designator=R5(0805)
Added Component: Designator=R6(0805)
Added Component: Designator=R7(0805)
Added Component: Designator=U1(SOT-223-DB3_L)
Add component (AddParameter): Name = "DatasheetVersion"; Value = "revA, Aug-2007"; VariantName = "[No Variations]"
Add component (AddParameter): Name = "PackageDescription"; Value = "3-Lead Plastic Small Outline Transistor (DB) [SOT-223]"; VariantName = "[No Variations]"
Add component (AddParameter): Name = "PackageReference"; Value = "SOT-223-DB3"; VariantName = "[No Variations]"
Add component (AddParameter): Name = "PackageVersion"; Value = "revBB, Aug-2009"; VariantName = "[No Variations]"
Add component: Footprint Not Found MODULE_ESP32_DEVKIT_V1
Added Pin To Net: NetName=+5 Pin=C2-1
Added Pin To Net: NetName=+5 Pin=D1-1
Added Pin To Net: NetName=+5 Pin=P1-5
Added Pin To Net: NetName=+5 Pin=Q1-1
Added Pin To Net: NetName=+5 Pin=R1-2
Added Pin To Net: NetName=+5 Pin=R2-2
Added Net: Name=+5
Added Pin To Net: NetName=3V3 Pin=C10-1
Added Pin To Net: NetName=3V3 Pin=C11-1
Added Pin To Net: NetName=3V3 Pin=J1-1
Added Pin To Net: NetName=3V3 Pin=J2-2
Added Pin To Net: NetName=3V3 Pin=J3-2
Added Pin To Net: NetName=3V3 Pin=P3-6
Added Net: Name=3V3
Added Pin To Net: NetName=CE Pin=P3-5
Added Net: Name=CE
Added Pin To Net: NetName=Control_Rele Pin=P2-2
Added Net: Name=Control_Rele
Added Pin To Net: NetName=CSN Pin=P3-4
Added Net: Name=CSN
Added Pin To Net: NetName=EN_lanzador2 Pin=P4-2
Added Net: Name=EN_lanzador2
Added Pin To Net: NetName=EN_lanzador Pin=P1-2
Added Net: Name=EN_lanzador
Added Pin To Net: NetName=GND Pin=C2-2
Added Pin To Net: NetName=GND Pin=C4-2
Added Pin To Net: NetName=GND Pin=C5-2
Added Pin To Net: NetName=GND Pin=C6-2
Added Pin To Net: NetName=GND Pin=C8-2
Added Pin To Net: NetName=GND Pin=C9-2
Added Pin To Net: NetName=GND Pin=C10-2
Added Pin To Net: NetName=GND Pin=C11-2
Added Pin To Net: NetName=GND Pin=C12-2
Added Pin To Net: NetName=GND Pin=J1-2
Added Pin To Net: NetName=GND Pin=P1-1
Added Pin To Net: NetName=GND Pin=P1-3
Added Pin To Net: NetName=GND Pin=P1-6
Added Pin To Net: NetName=GND Pin=P2-1
Added Pin To Net: NetName=GND Pin=P3-7
Added Pin To Net: NetName=GND Pin=P4-1
Added Pin To Net: NetName=GND Pin=R1-1
Added Pin To Net: NetName=GND Pin=R3-1
Added Pin To Net: NetName=GND Pin=R4-2
Added Pin To Net: NetName=GND Pin=R5-1
Added Pin To Net: NetName=GND Pin=R7-1
Added Pin To Net: NetName=GND Pin=U1-2
Added Pin To Net: NetName=GND Pin=U1-4
Added Net: Name=GND
Added Pin To Net: NetName=In_3V3 Pin=C9-1
Added Pin To Net: NetName=In_3V3 Pin=R2-1
Added Pin To Net: NetName=In_3V3 Pin=R3-2
Added Net: Name=In_3V3
Added Pin To Net: NetName=In_Vbat Pin=C12-1
Added Pin To Net: NetName=In_Vbat Pin=R6-1
Added Pin To Net: NetName=In_Vbat Pin=R7-2
Added Net: Name=In_Vbat
Added Pin To Net: NetName=MISO Pin=P3-1
Added Net: Name=MISO
Added Pin To Net: NetName=MOSI Pin=P3-2
Added Net: Name=MOSI
Added Pin To Net: NetName=SCK Pin=P3-3
Added Net: Name=SCK
Added Pin To Net: NetName=SCL_BME280 Pin=J1-3
Added Net: Name=SCL_BME280
Added Pin To Net: NetName=SDA_BME280 Pin=J1-4
Added Net: Name=SDA_BME280
Added Pin To Net: NetName=SW_A Pin=J2-1
Added Pin To Net: NetName=SW_A Pin=R4-1
Added Net: Name=SW_A
Added Pin To Net: NetName=SW_M Pin=J2-3
Added Net: Name=SW_M
Added Pin To Net: NetName=Vbat Pin=C8-1
Added Pin To Net: NetName=Vbat Pin=P1-4
Added Pin To Net: NetName=Vbat Pin=Q1-3
Added Pin To Net: NetName=Vbat Pin=R6-2
Added Net: Name=Vbat
Added Pin To Net: NetName=Vin Pin=C4-1
Added Pin To Net: NetName=Vin Pin=D1-2
Added Pin To Net: NetName=Vin Pin=Q1-2
Added Pin To Net: NetName=Vin Pin=U1-1
Added Net: Name=Vin
Added Pin To Net: NetName=Vout Pin=C5-1
Added Pin To Net: NetName=Vout Pin=C6-1
Added Pin To Net: NetName=Vout Pin=J3-1
Added Pin To Net: NetName=Vout Pin=U1-3
Added Net: Name=Vout
Added Class: Name=esquematico_microcontrolador
Added Rule: Name=Schematic Supply Nets
Added Rule: Name=Schematic Supply Nets_1
Added Rule: Name=Schematic Supply Nets_2
Added Rule: Name=Schematic Supply Nets_3
Added Rule: Name=Schematic Supply Nets_4
Added Rule: Name=Schematic Supply Nets_5
