Added Component: Designator=*(RELE SERIE 964)
Added Component: Designator=C1(CAP200RP2)
Added Component: Designator=C2(CAP200RP2)
Added Component: Designator=C3(CAP300RP)
Added Component: Designator=C4(CAP200)
Added Component: Designator=C5(CAP300RP)
Added Component: Designator=C6(CAP200)
Added Component: Designator=C7(CAP200)
Added Component: Designator=D1(DO41)
Added Component: Designator=D2(DO41)
Added Component: Designator=J1(BORNERA2)
Added Component: Designator=J2(BORNERA2)
Added Component: Designator=J3(BORNERA2)
Added Component: Designator=J4(JUMPER3)
Added Component: Designator=P1(HDR1X2)
Add component (AddParameter): Name = "LatestRevisionDate"; Value = "17-Jul-2002"; VariantName = "[No Variations]"
Add component (AddParameter): Name = "LatestRevisionNote"; Value = "Re-released for DXP Platform."; VariantName = "[No Variations]"
Add component (AddParameter): Name = "Publisher"; Value = "Altium Limited"; VariantName = "[No Variations]"
Added Component: Designator=Q1(TO-220 V)
Added Component: Designator=R1(RES400)
Added Component: Designator=R2(RES400)
Added Component: Designator=R3(RES400)
Added Component: Designator=R4(RES400)
Added Component: Designator=R5(RES400)
Added Component: Designator=R6(RES400)
Added Component: Designator=R7(RES400)
Added Component: Designator=R8(RES400)
Added Component: Designator=T1(TO92)
Added Component: Designator=T2(TO92)
Added Component: Designator=T3(TO92)
Added Component: Designator=T4(TO92)
Added Component: Designator=TP1(TPTH)
Added Component: Designator=TP2(TPTH)
Added Component: Designator=TP3(TPTH)
Added Component: Designator=TP4(TPTH)
Added Pin To Net: NetName=+5 Pin=C7-1
Added Pin To Net: NetName=+5 Pin=P1-1
Added Pin To Net: NetName=+5 Pin=R7-1
Added Pin To Net: NetName=+5 Pin=R8-2
Added Net: Name=+5
Added Pin To Net: NetName=+12 Pin=*-B1
Added Pin To Net: NetName=+12 Pin=C5-1
Added Pin To Net: NetName=+12 Pin=C6-1
Added Pin To Net: NetName=+12 Pin=D2-2
Added Pin To Net: NetName=+12 Pin=J3-1
Added Pin To Net: NetName=+12 Pin=R5-1
Added Pin To Net: NetName=+12 Pin=T1-2
Added Net: Name=+12
Added Pin To Net: NetName=+60 Pin=C3-1
Added Pin To Net: NetName=+60 Pin=C4-1
Added Pin To Net: NetName=+60 Pin=J1-1
Added Pin To Net: NetName=+60 Pin=R1-1
Added Net: Name=+60
Added Pin To Net: NetName=GND2 Pin=C5-2
Added Pin To Net: NetName=GND2 Pin=C6-2
Added Pin To Net: NetName=GND2 Pin=J3-2
Added Pin To Net: NetName=GND2 Pin=P1-2
Added Pin To Net: NetName=GND2 Pin=Q1-3
Added Pin To Net: NetName=GND2 Pin=T2-3
Added Pin To Net: NetName=GND2 Pin=T3-2
Added Pin To Net: NetName=GND2 Pin=T4-3
Added Net: Name=GND2
Added Pin To Net: NetName=GND Pin=*-C1
Added Pin To Net: NetName=GND Pin=C1-2
Added Pin To Net: NetName=GND Pin=C2-2
Added Pin To Net: NetName=GND Pin=C3-2
Added Pin To Net: NetName=GND Pin=C4-2
Added Pin To Net: NetName=GND Pin=J1-2
Added Net: Name=GND
Added Pin To Net: NetName=Net*_B2 Pin=*-B2
Added Pin To Net: NetName=Net*_B2 Pin=D2-1
Added Pin To Net: NetName=Net*_B2 Pin=T4-2
Added Net: Name=Net*_B2
Added Pin To Net: NetName=Net*_NA1 Pin=*-NA1
Added Pin To Net: NetName=Net*_NA1 Pin=J4-3
Added Net: Name=Net*_NA1
Added Pin To Net: NetName=NetC1_1 Pin=C1-1
Added Pin To Net: NetName=NetC1_1 Pin=C2-1
Added Pin To Net: NetName=NetC1_1 Pin=D1-2
Added Pin To Net: NetName=NetC1_1 Pin=R1-2
Added Pin To Net: NetName=NetC1_1 Pin=R2-1
Added Pin To Net: NetName=NetC1_1 Pin=TP1-1
Added Net: Name=NetC1_1
Added Pin To Net: NetName=NetC7_2 Pin=C7-2
Added Pin To Net: NetName=NetC7_2 Pin=R7-2
Added Pin To Net: NetName=NetC7_2 Pin=T2-1
Added Net: Name=NetC7_2
Added Pin To Net: NetName=NetD1_1 Pin=D1-1
Added Pin To Net: NetName=NetD1_1 Pin=R3-2
Added Net: Name=NetD1_1
Added Pin To Net: NetName=NetJ4_1 Pin=J4-1
Added Pin To Net: NetName=NetJ4_1 Pin=Q1-2
Added Net: Name=NetJ4_1
Added Pin To Net: NetName=NetJ4_2 Pin=J4-2
Added Pin To Net: NetName=NetJ4_2 Pin=R4-1
Added Pin To Net: NetName=NetJ4_2 Pin=TP4-1
Added Net: Name=NetJ4_2
Added Pin To Net: NetName=NetQ1_1 Pin=Q1-1
Added Pin To Net: NetName=NetQ1_1 Pin=R6-1
Added Net: Name=NetQ1_1
Added Pin To Net: NetName=NetR5_2 Pin=R5-2
Added Pin To Net: NetName=NetR5_2 Pin=T1-1
Added Pin To Net: NetName=NetR5_2 Pin=T2-2
Added Pin To Net: NetName=NetR5_2 Pin=T3-1
Added Net: Name=NetR5_2
Added Pin To Net: NetName=NetR6_2 Pin=R6-2
Added Pin To Net: NetName=NetR6_2 Pin=T1-3
Added Pin To Net: NetName=NetR6_2 Pin=T3-3
Added Net: Name=NetR6_2
Added Pin To Net: NetName=NetR8_1 Pin=R8-1
Added Pin To Net: NetName=NetR8_1 Pin=T4-1
Added Net: Name=NetR8_1
Added Pin To Net: NetName=Sin Pin=J2-1
Added Pin To Net: NetName=Sin Pin=R2-2
Added Pin To Net: NetName=Sin Pin=TP2-1
Added Net: Name=Sin
Added Pin To Net: NetName=So Pin=J2-2
Added Pin To Net: NetName=So Pin=R3-1
Added Pin To Net: NetName=So Pin=R4-2
Added Pin To Net: NetName=So Pin=TP3-1
Added Net: Name=So
Added Class: Name=esquematicoSolenoide
Added Rule: Name=Schematic Supply Nets
Added Rule: Name=Schematic Supply Nets_1
Added Rule: Name=Schematic Supply Nets_2
Added Rule: Name=Schematic Supply Nets_3
Added Rule: Name=Schematic Supply Nets_4
Added Rule: Name=Schematic Supply Nets_5
Added Rule: Name=Schematic Supply Nets_6
